[debug] [2026-04-10T09:31:59.742Z] ----------------------------------------------------------------------
[debug] [2026-04-10T09:31:59.744Z] Command:       /opt/homebrew/Cellar/node/25.3.0/bin/node /opt/homebrew/bin/firebase init
[debug] [2026-04-10T09:31:59.744Z] CLI Version:   15.13.0
[debug] [2026-04-10T09:31:59.744Z] Platform:      darwin
[debug] [2026-04-10T09:31:59.744Z] Node Version:  v25.3.0
[debug] [2026-04-10T09:31:59.744Z] Time:          Fri Apr 10 2026 12:31:59 GMT+0300 (Eastern European Summer Time)
[debug] [2026-04-10T09:31:59.744Z] ----------------------------------------------------------------------
[debug] 
[debug] [2026-04-10T09:31:59.744Z] >>> [apiv2][query] GET https://firebase-public.firebaseio.com/cli.json [none]
[info] 
     ######## #### ########  ######## ########     ###     ######  ########
     ##        ##  ##     ## ##       ##     ##  ##   ##  ##       ##
     ######    ##  ########  ######   ########  #########  ######  ######
     ##        ##  ##    ##  ##       ##     ## ##     ##       ## ##
     ##       #### ##     ## ######## ########  ##     ##  ######  ########

You're about to initialize a Firebase project in this directory:

  /Users/jere/Darts/Dartsilaattori

Before we get started, keep in mind:

  * You are initializing within an existing Firebase project directory

[debug] [2026-04-10T09:32:00.841Z] <<< [apiv2][status] GET https://firebase-public.firebaseio.com/cli.json 200
[debug] [2026-04-10T09:32:00.842Z] <<< [apiv2][body] GET https://firebase-public.firebaseio.com/cli.json {"cloudBuildErrorAfter":1594252800000,"cloudBuildWarnAfter":1590019200000,"defaultNode10After":1594252800000,"minVersion":"3.0.5","node8DeploysDisabledAfter":1613390400000,"node8RuntimeDisabledAfter":1615809600000,"node8WarnAfter":1600128000000}
[debug] [2026-04-10T09:33:05.494Z] ExitPromptError: User force closed the prompt with SIGINT
    at Interface.sigint (/opt/homebrew/lib/node_modules/firebase-tools/node_modules/@inquirer/core/dist/commonjs/lib/create-prompt.js:101:37)
    at Interface.emit (node:events:508:28)
    at [_ttyWrite] [as _ttyWrite] (node:internal/readline/interface:1327:18)
    at ReadStream.onkeypress (node:internal/readline/interface:284:20)
    at ReadStream.emit (node:events:520:35)
    at emitKeys (node:internal/readline/utils:371:14)
    at emitKeys.next (<anonymous>)
    at ReadStream.onData (node:internal/readline/emitKeypressEvents:64:36)
    at ReadStream.emit (node:events:508:28)
    at addChunk (node:internal/streams/readable:559:12)
[error] 
[error] Error: An unexpected error has occurred.
